<?xml version="1.0" encoding="UTF-8"?>
<testng-results total="2" passed="2" failed="0" skipped="0">
  <reporter-output>
  </reporter-output>
  <suite started-at="2020-11-04T05:46:22Z" name="Suite" finished-at="2020-11-04T05:46:55Z" duration-ms="32729">
    <groups>
    </groups>
    <test started-at="2020-11-04T05:46:22Z" name="Test" finished-at="2020-11-04T05:46:55Z" duration-ms="32729">
      <class name="tests.paymentTest">
        <test-method is-config="true" signature="setupTestData()[pri:0, instance:tests.paymentTest@62e7f11d]" started-at="2020-11-04T11:16:22Z" name="setupTestData" finished-at="2020-11-04T11:16:28Z" duration-ms="6394" status="PASS">
          <reporter-output>
          </reporter-output>
        </test-method> <!-- setupTestData -->
        <test-method signature="failedPayment()[pri:0, instance:tests.paymentTest@62e7f11d]" started-at="2020-11-04T11:16:28Z" name="failedPayment" description="Failed Credit Card Payment" finished-at="2020-11-04T11:16:37Z" duration-ms="8948" status="PASS">
          <reporter-output>
          </reporter-output>
        </test-method> <!-- failedPayment -->
        <test-method is-config="true" signature="tearDown()[pri:0, instance:tests.paymentTest@62e7f11d]" started-at="2020-11-04T11:16:37Z" name="tearDown" finished-at="2020-11-04T11:16:38Z" duration-ms="124" status="PASS">
          <reporter-output>
          </reporter-output>
        </test-method> <!-- tearDown -->
        <test-method is-config="true" signature="setupTestData()[pri:0, instance:tests.paymentTest@62e7f11d]" started-at="2020-11-04T11:16:38Z" name="setupTestData" finished-at="2020-11-04T11:16:42Z" duration-ms="4231" status="PASS">
          <reporter-output>
          </reporter-output>
        </test-method> <!-- setupTestData -->
        <test-method signature="successfulPayment()[pri:0, instance:tests.paymentTest@62e7f11d]" started-at="2020-11-04T11:16:42Z" name="successfulPayment" description="Success Credit Card Payment" finished-at="2020-11-04T11:16:54Z" duration-ms="12558" status="PASS">
          <reporter-output>
          </reporter-output>
        </test-method> <!-- successfulPayment -->
        <test-method is-config="true" signature="tearDown()[pri:0, instance:tests.paymentTest@62e7f11d]" started-at="2020-11-04T11:16:54Z" name="tearDown" finished-at="2020-11-04T11:16:55Z" duration-ms="164" status="PASS">
          <reporter-output>
          </reporter-output>
        </test-method> <!-- tearDown -->
      </class> <!-- tests.paymentTest -->
    </test> <!-- Test -->
  </suite> <!-- Suite -->
</testng-results>
